<?xml version="1.0" encoding="UTF-8"?>
<testsuite name="stringfilter.TestZBlockerBlock" tests="1" skipped="0" failures="0" errors="0" timestamp="2022-10-07T07:46:06" hostname="J-LAP" time="0.005">
  <properties/>
  <testcase name="ZBlockerConversion()" classname="stringfilter.TestZBlockerBlock" time="0.005"/>
  <system-out><![CDATA[]]></system-out>
  <system-err><![CDATA[]]></system-err>
</testsuite>
