<?xml version="1.0" encoding="UTF-8"?>
<testsuite name="stringfilter.TestProcessor" tests="5" skipped="0" failures="0" errors="0" timestamp="2022-10-07T07:46:05" hostname="J-LAP" time="0.037">
  <properties/>
  <testcase name="processorWithTwoBlock()" classname="stringfilter.TestProcessor" time="0.015"/>
  <testcase name="processorWithThreeBlock()" classname="stringfilter.TestProcessor" time="0.003"/>
  <testcase name="processorWithUppercaseBlock()" classname="stringfilter.TestProcessor" time="0.002"/>
  <testcase name="processorWithNoBlock()" classname="stringfilter.TestProcessor" time="0.003"/>
  <testcase name="processorWithLowercaseBlock()" classname="stringfilter.TestProcessor" time="0.002"/>
  <system-out><![CDATA[]]></system-out>
  <system-err><![CDATA[]]></system-err>
</testsuite>
