<?xml version="1.0" encoding="UTF-8"?>
<testsuite name="stringfilter.TestUpperCaseBlock" tests="2" skipped="0" failures="0" errors="0" timestamp="2022-10-07T07:46:06" hostname="J-LAP" time="0.013">
  <properties/>
  <testcase name="upperCaseConversions()" classname="stringfilter.TestUpperCaseBlock" time="0.005"/>
  <testcase name="canary()" classname="stringfilter.TestUpperCaseBlock" time="0.005"/>
  <system-out><![CDATA[]]></system-out>
  <system-err><![CDATA[]]></system-err>
</testsuite>
