<?xml version="1.0" encoding="UTF-8"?>
<testsuite name="stringfilter.TestMultiplyBlock" tests="1" skipped="0" failures="0" errors="0" timestamp="2022-10-07T07:46:05" hostname="J-LAP" time="0.01">
  <properties/>
  <testcase name="multiPlyBy2Conversion()" classname="stringfilter.TestMultiplyBlock" time="0.01"/>
  <system-out><![CDATA[]]></system-out>
  <system-err><![CDATA[]]></system-err>
</testsuite>
