<?xml version="1.0" encoding="UTF-8"?>
<testsuite name="stringfilter.TestLowerCaseBlock" tests="1" skipped="0" failures="0" errors="0" timestamp="2022-10-07T07:46:05" hostname="J-LAP" time="0.008">
  <properties/>
  <testcase name="lowerCaseConversions()" classname="stringfilter.TestLowerCaseBlock" time="0.008"/>
  <system-out><![CDATA[]]></system-out>
  <system-err><![CDATA[]]></system-err>
</testsuite>
